[2020-08-09 01:24:11.001][info][main:15]: Lua Lsp startup, root: 	c:/Users/Andres/.vscode/extensions/sumneko.lua-0.19.2/server
[2020-08-09 01:24:11.001][debug][main:16]: ROOT:	c:/Users/Andres/.vscode/extensions/sumneko.lua-0.19.2/server
[2020-08-09 01:24:11.001][debug]: cannot open c:\Users\Andres\.vscode\extensions\sumneko.lua-0.19.2\server/debugger.lua: No such file or directory
[2020-08-09 01:24:11.481][info][script.language:125]: VSC language: en
[2020-08-09 01:24:11.481][info][script.language:126]: LS  language: en-us
[2020-08-09 01:24:12.961][debug][script.async.async:55]: Create thread, id: 	1	task: 	proto
[2020-08-09 01:24:12.984][debug][script.service:885]: collectgarbage: 	0.023
[2020-08-09 01:24:12.984][debug][script.service:956]: 
State
Main Mem:  [20756.032]kb
#001 Mem:  <Unknown>
-------------------
CachedVM:  [0]
AlivedVM:  [0]
DeadVM:    [0]
-------------------
CachedSrc: [0]
AlivedSrc: [1]
DeadSrc:   [0]
-------------------
CachedFunc:[0]
AlivedFunc:[0]
DeadFunc:  [0]
-------------------
TotalVal:  [0]
DeadVal:   [0]
-------------------
TotalLoc:  [0]
TotalEmmy: [458]

[2020-08-09 01:24:12.985][debug][script.service:998]: test memory: 	0.000
[2020-08-09 01:24:13.000][info][script.method.initialize:22]: {
	capabilities = {
		textDocument = {
			callHierarchy = {
				dynamicRegistration = true,
			},
			codeAction = {
				codeActionLiteralSupport = {
					codeActionKind = {
						valueSet = {
							[1] = "",
							[2] = "quickfix",
							[3] = "refactor",
							[4] = "refactor.extract",
							[5] = "refactor.inline",
							[6] = "refactor.rewrite",
							[7] = "source",
							[8] = "source.organizeImports",
						},
					},
				},
				dynamicRegistration = true,
				isPreferredSupport = true,
			},
			codeLens = {
				dynamicRegistration = true,
			},
			colorProvider = {
				dynamicRegistration = true,
			},
			completion = {
				completionItem = {
					commitCharactersSupport = true,
					deprecatedSupport = true,
					documentationFormat = {
						[1] = "markdown",
						[2] = "plaintext",
					},
					insertReplaceSupport = true,
					preselectSupport = true,
					snippetSupport = true,
					tagSupport = {
						valueSet = {
							[1] = 1,
						},
					},
				},
				completionItemKind = {
					valueSet = {
						[01] = 1,
						[02] = 2,
						[03] = 3,
						[04] = 4,
						[05] = 5,
						[06] = 6,
						[07] = 7,
						[08] = 8,
						[09] = 9,
						[10] = 10,
						[11] = 11,
						[12] = 12,
						[13] = 13,
						[14] = 14,
						[15] = 15,
						[16] = 16,
						[17] = 17,
						[18] = 18,
						[19] = 19,
						[20] = 20,
						[21] = 21,
						[22] = 22,
						[23] = 23,
						[24] = 24,
						[25] = 25,
					},
				},
				contextSupport = true,
				dynamicRegistration = true,
			},
			declaration = {
				dynamicRegistration = true,
				linkSupport = true,
			},
			definition = {
				dynamicRegistration = true,
				linkSupport = true,
			},
			documentHighlight = {
				dynamicRegistration = true,
			},
			documentLink = {
				dynamicRegistration = true,
				tooltipSupport = true,
			},
			documentSymbol = {
				["hierarchicalDocumentSymbolSupport"] = true,
				dynamicRegistration = true,
				symbolKind = {
					valueSet = {
						[01] = 1,
						[02] = 2,
						[03] = 3,
						[04] = 4,
						[05] = 5,
						[06] = 6,
						[07] = 7,
						[08] = 8,
						[09] = 9,
						[10] = 10,
						[11] = 11,
						[12] = 12,
						[13] = 13,
						[14] = 14,
						[15] = 15,
						[16] = 16,
						[17] = 17,
						[18] = 18,
						[19] = 19,
						[20] = 20,
						[21] = 21,
						[22] = 22,
						[23] = 23,
						[24] = 24,
						[25] = 25,
						[26] = 26,
					},
				},
				tagSupport = {
					valueSet = {
						[1] = 1,
					},
				},
			},
			foldingRange = {
				dynamicRegistration = true,
				lineFoldingOnly = true,
				rangeLimit = 5000,
			},
			formatting = {
				dynamicRegistration = true,
			},
			hover = {
				contentFormat = {
					[1] = "markdown",
					[2] = "plaintext",
				},
				dynamicRegistration = true,
			},
			implementation = {
				dynamicRegistration = true,
				linkSupport = true,
			},
			onTypeFormatting = {
				dynamicRegistration = true,
			},
			publishDiagnostics = {
				complexDiagnosticCodeSupport = true,
				relatedInformation = true,
				tagSupport = {
					valueSet = {
						[1] = 1,
						[2] = 2,
					},
				},
				versionSupport = false,
			},
			rangeFormatting = {
				dynamicRegistration = true,
			},
			references = {
				dynamicRegistration = true,
			},
			rename = {
				dynamicRegistration = true,
				prepareSupport = true,
			},
			selectionRange = {
				dynamicRegistration = true,
			},
			semanticTokens = {
				dynamicRegistration = true,
				tokenModifiers = {
					[10] = "defaultLibrary",
					[1] = "declaration",
					[2] = "definition",
					[3] = "readonly",
					[4] = "static",
					[5] = "deprecated",
					[6] = "abstract",
					[7] = "async",
					[8] = "modification",
					[9] = "documentation",
				},
				tokenTypes = {
					[01] = "namespace",
					[02] = "type",
					[03] = "class",
					[04] = "enum",
					[05] = "interface",
					[06] = "struct",
					[07] = "typeParameter",
					[08] = "parameter",
					[09] = "variable",
					[10] = "property",
					[11] = "enumMember",
					[12] = "event",
					[13] = "function",
					[14] = "member",
					[15] = "macro",
					[16] = "keyword",
					[17] = "modifier",
					[18] = "comment",
					[19] = "string",
					[20] = "number",
					[21] = "regexp",
					[22] = "operator",
				},
			},
			signatureHelp = {
				contextSupport = true,
				dynamicRegistration = true,
				signatureInformation = {
					activeParameterSupport = true,
					documentationFormat = {
						[1] = "markdown",
						[2] = "plaintext",
					},
					parameterInformation = {
						labelOffsetSupport = true,
					},
				},
			},
			synchronization = {
				didSave = true,
				dynamicRegistration = true,
				willSave = true,
				willSaveWaitUntil = true,
			},
			typeDefinition = {
				dynamicRegistration = true,
				linkSupport = true,
			},
		},
		window = {
			workDoneProgress = true,
		},
		workspace = {
			applyEdit = true,
			configuration = true,
			didChangeConfiguration = {
				dynamicRegistration = true,
			},
			didChangeWatchedFiles = {
				dynamicRegistration = true,
			},
			executeCommand = {
				dynamicRegistration = true,
			},
			symbol = {
				dynamicRegistration = true,
				symbolKind = {
					valueSet = {
						[01] = 1,
						[02] = 2,
						[03] = 3,
						[04] = 4,
						[05] = 5,
						[06] = 6,
						[07] = 7,
						[08] = 8,
						[09] = 9,
						[10] = 10,
						[11] = 11,
						[12] = 12,
						[13] = 13,
						[14] = 14,
						[15] = 15,
						[16] = 16,
						[17] = 17,
						[18] = 18,
						[19] = 19,
						[20] = 20,
						[21] = 21,
						[22] = 22,
						[23] = 23,
						[24] = 24,
						[25] = 25,
						[26] = 26,
					},
				},
				tagSupport = {
					valueSet = {
						[1] = 1,
					},
				},
			},
			workspaceEdit = {
				documentChanges = true,
				failureHandling = "textOnlyTransactional",
				resourceOperations = {
					[1] = "create",
					[2] = "rename",
					[3] = "delete",
				},
			},
			workspaceFolders = true,
		},
	},
	clientInfo = {
		name = "vscode",
		version = "1.47.3",
	},
	processId = 9468,
	rootPath = "c:\\Users\\Andres\\.vscode\\extensions\\sumneko.lua-0.19.2\\server",
	rootUri = "file:///c%3A/Users/Andres/.vscode/extensions/sumneko.lua-0.19.2/server",
	trace = "off",
	workspaceFolders = {
		[1] = {
			name = "server",
			uri = "file:///c%3A/Users/Andres/.vscode/extensions/sumneko.lua-0.19.2/server",
		},
	},
}
[2020-08-09 01:24:13.001][info][script.service:186]: Add workspace	server	file:///c%3A/Users/Andres/.vscode/extensions/sumneko.lua-0.19.2/server
[2020-08-09 01:24:13.020][debug][script.async.async:55]: Create thread, id: 	2	task: 	loadfile
[2020-08-09 01:24:13.020][info][script.workspace:145]: Workspace inited, root: 	c:/Users/Andres/.vscode/extensions/sumneko.lua-0.19.2/server
[2020-08-09 01:24:13.020][info][script.workspace:146]: Workspace inited, uri: 	file:///c%3A/Users/Andres/.vscode/extensions/sumneko.lua-0.19.2/server
[2020-08-09 01:24:13.020][info][script.workspace:148]: Log path: 	c:/Users/Andres/.vscode/extensions/sumneko.lua-0.19.2/server/log/file_c%3A_Users_Andres_.vscode_extensions_sumneko.lua-0.19.2_server.log
[2020-08-09 01:24:13.054][debug][script.config:204]: Config update: 	{
	color = {
		mode = "Semantic",
	},
	completion = {
		callSnippet = "Disable",
		displayContext = 6,
		enable = true,
		fastAutocompletion = true,
		keywordSnippet = "Replace",
		private = false,
	},
	diagnostics = {
		datamodelAsIgnore = true,
		disable = {
		},
		enable = true,
		globals = {
		},
		ignore = {
		},
		severity = {
			["ambiguity-1"] = "Warning",
			["deprecated-rbx-member"] = "Information",
			["duplicate-index"] = "Warning",
			["duplicate-method"] = "Warning",
			["emmy-lua"] = "Warning",
			["empty-block"] = "Hint",
			["global-in-nil-env"] = "Warning",
			["incorrect-call-arguments"] = "Warning",
			["invalid-rbx-classname"] = "Warning",
			["lowercase-global"] = "Information",
			["newfield-call"] = "Warning",
			["newline-call"] = "Information",
			["redefined-local"] = "Information",
			["redundant-parameter"] = "Information",
			["redundant-value"] = "Warning",
			["set-const"] = "Error",
			["set-for-state"] = "Warning",
			["trailing-space"] = "Hint",
			["undefined-env-child"] = "Information",
			["undefined-global"] = "Warning",
			["undefined-rbx-member"] = "Warning",
			["unused-function"] = "Hint",
			["unused-label"] = "Hint",
			["unused-local"] = "Hint",
			["unused-vararg"] = "Hint",
		},
		syntax = true,
	},
	hover = {
		enable = true,
		viewNumber = true,
		viewString = true,
		viewStringMax = 1000,
	},
	plugin = {
		enable = false,
		path = ".vscode/lua-plugin/*.lua",
	},
	runtime = {
		library = {
		},
		path = {
			[1] = "?.lua",
			[2] = "?/init.lua",
			[3] = "?/?.lua",
		},
		version = "Lua 5.4",
	},
	signatureHelp = {
		enable = true,
	},
	workspace = {
		ignoreDir = {
			["*.spec.lua"] = true,
			[".vscode"] = true,
		},
		ignoreSubmodules = true,
		library = {
		},
		loadMode = "All Files",
		maxPreload = 300,
		preloadFileSize = 100,
		rojoProjectFile = "default",
		useGitIgnore = true,
	},
}	{
	associations = {
	},
	exclude = {
		["**/.DS_Store"] = true,
		["**/.git"] = true,
		["**/.hg"] = true,
		["**/.svn"] = true,
		["**/CVS"] = true,
	},
}
[2020-08-09 01:24:13.152][debug][script.service:416]: reCompile:	0	0
[2020-08-09 01:24:13.186][debug][script.service:885]: collectgarbage: 	0.034
[2020-08-09 01:24:13.186][debug][script.service:956]: 
State
Main Mem:  [11993.412]kb
#001 Mem:  [93.147]kb
#002 Mem:  <Unknown>
-------------------
CachedVM:  [0]
AlivedVM:  [0]
DeadVM:    [0]
-------------------
CachedSrc: [0]
AlivedSrc: [1]
DeadSrc:   [0]
-------------------
CachedFunc:[0]
AlivedFunc:[0]
DeadFunc:  [0]
-------------------
TotalVal:  [0]
DeadVal:   [0]
-------------------
TotalLoc:  [0]
TotalEmmy: [10]

[2020-08-09 01:24:13.186][debug][script.service:998]: test memory: 	0.000
[2020-08-09 01:24:13.187][debug][script.capability.completion:27]: Enable completion.
[2020-08-09 01:24:13.187][debug][script.capability.semantic:26]: Enable semantic.
[2020-08-09 01:24:13.187][debug][script.service:827]: reScanFiles
[2020-08-09 01:24:13.194][debug][script.async.async:55]: Create thread, id: 	3	task: 	scanfiles
[2020-08-09 01:24:13.195][debug][script.method.initialized:77]: client/registerCapability Success!
[2020-08-09 01:24:13.207][debug][script.workspace:117]: Scanning:	c:/Users/Andres/.vscode/extensions/sumneko.lua-0.19.2/server
[2020-08-09 01:24:13.207][debug][script.workspace:117]: Scan pattern:	{
	[1] = ".vscode",
	[2] = "*.spec.lua",
	[3] = "**/CVS",
	[4] = "**/.git",
	[5] = "**/.svn",
	[6] = "**/.DS_Store",
	[7] = "**/.hg",
}
[2020-08-09 01:24:13.207][debug][script.workspace:117]: Scan options:	{
	ignoreCase = true,
}
[2020-08-09 01:24:13.278][info][script.workspace:111]: Scan finish, got	141	files.
[2020-08-09 01:24:13.278][debug][script.service:416]: reCompile:	58	58
[2020-08-09 01:24:13.297][debug][script.service:885]: collectgarbage: 	0.019
[2020-08-09 01:24:13.297][debug][script.service:956]: 
State
Main Mem:  [12736.824]kb
#001 Mem:  [93.724]kb
#002 Mem:  [58.645]kb
#003 Mem:  <Unknown>
-------------------
CachedVM:  [0]
AlivedVM:  [0]
DeadVM:    [0]
-------------------
CachedSrc: [0]
AlivedSrc: [1]
DeadSrc:   [0]
-------------------
CachedFunc:[0]
AlivedFunc:[0]
DeadFunc:  [0]
-------------------
TotalVal:  [0]
DeadVal:   [0]
-------------------
TotalLoc:  [0]
TotalEmmy: [10]

[2020-08-09 01:24:13.297][debug][script.service:998]: test memory: 	0.000
[2020-08-09 01:24:40.354][info][script.service:229]: No workspace for	file:///c%3A/Users/Andres/AppData/Roaming/Code/User/workspaceStorage
[2020-08-09 01:24:40.354][info][script.service:229]: No workspace for	vscode-userdata:/c%3A/Users/Andres/AppData/Roaming/Code/User/workspaceStorage
[2020-08-09 01:24:41.564][warn][script.service:563]: Compile Ast[file:///c%3A/Users/Andres/.vscode/extensions/sumneko.lua-0.19.2/server/script/core/find_source.lua] takes [0.175] sec, size [1.802]kb
[2020-08-09 01:25:13.155][debug][script.service:885]: collectgarbage: 	0.193
[2020-08-09 01:25:13.184][debug][script.service:956]: 
State
Main Mem:  [100477.488]kb
#001 Mem:  [106.611]kb
#002 Mem:  [115.192]kb
#003 Mem:  [91.123]kb
-------------------
CachedVM:  [141]
AlivedVM:  [141]
DeadVM:    [0]
-------------------
CachedSrc: [106329]
AlivedSrc: [107249]
DeadSrc:   [0]
-------------------
CachedFunc:[1608]
AlivedFunc:[1766]
DeadFunc:  [0]
-------------------
TotalVal:  [25335]
DeadVal:   [2240]
-------------------
TotalLoc:  [7104]
TotalEmmy: [290]

[2020-08-09 01:25:13.184][debug][script.service:998]: test memory: 	0.029
[2020-08-09 01:26:16.240][debug][script.service:601]: Compile VM[file:///c%3A/Users/Andres/.vscode/extensions/sumneko.lua-0.19.2/server/script/core/diagnostics.lua] takes: 0.308 sec
[2020-08-09 01:26:18.254][debug][script.service:885]: collectgarbage: 	0.168
[2020-08-09 01:26:18.285][debug][script.service:956]: 
State
Main Mem:  [102349.426]kb
#001 Mem:  [125.578]kb
#002 Mem:  [115.192]kb
#003 Mem:  [91.123]kb
-------------------
CachedVM:  [141]
AlivedVM:  [141]
DeadVM:    [0]
-------------------
CachedSrc: [106333]
AlivedSrc: [107253]
DeadSrc:   [0]
-------------------
CachedFunc:[1608]
AlivedFunc:[1766]
DeadFunc:  [0]
-------------------
TotalVal:  [26049]
DeadVal:   [2941]
-------------------
TotalLoc:  [7104]
TotalEmmy: [290]

[2020-08-09 01:26:18.285][debug][script.service:998]: test memory: 	0.031
[2020-08-09 01:26:28.864][debug][script.service:601]: Compile VM[file:///c%3A/Users/Andres/.vscode/extensions/sumneko.lua-0.19.2/server/script/rbxapi.lua] takes: 0.318 sec
[2020-08-09 01:26:34.053][info][script.method.shutdown:2]: Server shutdown.
[2020-08-09 01:26:34.082][info][script.method.exit:2]: Server exited.
